JUnit version 3.8.1
.log4j:WARN No appenders could be found for logger (org.apache.commons.configuration.ConfigurationUtils).
log4j:WARN Please initialize the log4j system properly.
E
Time: 0.051
There was 1 failure:
1) test_genericMethodTest(ar.edu.itba.forArielGodio.binarySearch.ForArielGodioBinarySeachBug03Test)
java.lang.RuntimeException: Source path does not exist: andrea/tasks
	at ar.edu.taco.jml.parser.JmlParser.initialize(JmlParser.java:96)
	at ar.edu.taco.TacoMain.runDriver(TacoMain.java:350)
	at ar.edu.taco.TacoMain.run(TacoMain.java:474)
	at ar.edu.taco.regresion.RegresionTestBase.analyzerSupport(RegresionTestBase.java:272)
	at ar.edu.taco.regresion.RegresionTestBase.checkAssertionSupport(RegresionTestBase.java:265)
	at ar.edu.taco.regresion.RegresionTestBase.checkAssertionSupport(RegresionTestBase.java:237)
	at ar.edu.taco.regresion.RegresionTestBase.check(RegresionTestBase.java:113)
	at ar.edu.itba.forArielGodio.binarySearch.ForArielGodioBinarySeachBug03Test.test_genericMethodTest(ForArielGodioBinarySeachBug03Test.java:32)
	at sun.reflect.NativeMethodAccessorImpl.invoke0(Native Method)
	at sun.reflect.NativeMethodAccessorImpl.invoke(NativeMethodAccessorImpl.java:57)
	at sun.reflect.DelegatingMethodAccessorImpl.invoke(DelegatingMethodAccessorImpl.java:43)
	at java.lang.reflect.Method.invoke(Method.java:607)
	at junit.framework.TestCase.runTest(TestCase.java:154)
	at junit.framework.TestCase.runBare(TestCase.java:127)
	at junit.framework.TestResult$1.protect(TestResult.java:106)
	at junit.framework.TestResult.runProtected(TestResult.java:124)
	at junit.framework.TestResult.run(TestResult.java:109)
	at junit.framework.TestCase.run(TestCase.java:118)
	at junit.framework.TestSuite.runTest(TestSuite.java:208)
	at junit.framework.TestSuite.run(TestSuite.java:203)
	at org.junit.internal.runners.JUnit38ClassRunner.run(JUnit38ClassRunner.java:83)
	at org.junit.runners.Suite.runChild(Suite.java:128)
	at org.junit.runners.Suite.runChild(Suite.java:24)
	at org.junit.runners.ParentRunner$3.run(ParentRunner.java:193)
	at org.junit.runners.ParentRunner$1.schedule(ParentRunner.java:52)
	at org.junit.runners.ParentRunner.runChildren(ParentRunner.java:191)
	at org.junit.runners.ParentRunner.access$000(ParentRunner.java:42)
	at org.junit.runners.ParentRunner$2.evaluate(ParentRunner.java:184)
	at org.junit.runners.ParentRunner.run(ParentRunner.java:236)
	at org.junit.runner.JUnitCore.run(JUnitCore.java:157)
	at org.junit.runner.JUnitCore.run(JUnitCore.java:136)
	at org.junit.runner.JUnitCore.run(JUnitCore.java:117)
	at org.junit.runner.JUnitCore.runMain(JUnitCore.java:98)
	at org.junit.runner.JUnitCore.runMainAndExit(JUnitCore.java:53)
	at org.junit.runner.JUnitCore.main(JUnitCore.java:45)

FAILURES!!!
Tests run: 1,  Failures: 1

